This file contains any messages produced by compilers while
running configure, to aid debugging if configure makes a mistake.

It was created by tslib configure 0.0.2, which was
generated by GNU Autoconf 2.69.  Invocation command line was

  $ ./configure --host=arm-linux ac_cv_func_malloc_0_nonnull=yes --cache-file=arm-linux.cache -prefix=/usr/local/tslib

## --------- ##
## Platform. ##
## --------- ##

hostname = ubuntu
uname -m = x86_64
uname -r = 5.4.0-74-generic
uname -s = Linux
uname -v = #83~18.04.1-Ubuntu SMP Tue May 11 16:01:00 UTC 2021

/usr/bin/uname -p = unknown
/bin/uname -X     = unknown

/bin/arch              = unknown
/usr/bin/arch -k       = unknown
/usr/convex/getsysinfo = unknown
/usr/bin/hostinfo      = unknown
/bin/machine           = unknown
/usr/bin/oslevel       = unknown
/bin/universe          = unknown

PATH: /home/jimmy/ninja
PATH: /home/jimmy/llvm/bin
PATH: /home/jimmy/hc-gen
PATH: /home/jimmy/gn
PATH: /usr/local/sbin
PATH: /usr/local/bin
PATH: /usr/sbin
PATH: /usr/bin
PATH: /sbin
PATH: /bin
PATH: /snap/bin


## ----------- ##
## Core tests. ##
## ----------- ##

configure:2409: loading cache arm-linux.cache
configure:2539: checking for a BSD-compatible install
configure:2607: result: /usr/bin/install -c
configure:2618: checking whether build environment is sane
configure:2673: result: yes
configure:2732: checking for arm-linux-strip
configure:2759: result: strip
configure:2824: checking for a thread-safe mkdir -p
configure:2863: result: /bin/mkdir -p
configure:2870: checking for gawk
configure:2897: result: gawk
configure:2908: checking whether make sets $(MAKE)
configure:2930: result: yes
configure:2959: checking whether make supports nested variables
configure:2976: result: yes
configure:3229: checking for C++ compiler version
configure:3238: /arm/arm-2009q3/bin/arm-none-linux-gnueabi-g++ --version >&5
arm-none-linux-gnueabi-g++ (Sourcery G++ Lite 2009q3-67) 4.4.1
Copyright (C) 2009 Free Software Foundation, Inc.
This is free software; see the source for copying conditions.  There is NO
warranty; not even for MERCHANTABILITY or FITNESS FOR A PARTICULAR PURPOSE.

configure:3249: $? = 0
configure:3238: /arm/arm-2009q3/bin/arm-none-linux-gnueabi-g++ -v >&5
Using built-in specs.
Target: arm-none-linux-gnueabi
Configured with: /scratch/julian/2009q3-respin-linux-lite/src/gcc-4.4/configure --build=i686-pc-linux-gnu --host=i686-pc-linux-gnu --target=arm-none-linux-gnueabi --enable-threads --disable-libmudflap --disable-libssp --disable-libstdcxx-pch --enable-extra-sgxxlite-multilibs --with-arch=armv5te --with-gnu-as --with-gnu-ld --with-specs='%{funwind-tables|fno-unwind-tables|mabi=*|ffreestanding|nostdlib:;:-funwind-tables} %{O2:%{!fno-remove-local-statics: -fremove-local-statics}} %{O*:%{O|O0|O1|O2|Os:;:%{!fno-remove-local-statics: -fremove-local-statics}}}' --enable-languages=c,c++ --enable-shared --disable-lto --enable-symvers=gnu --enable-__cxa_atexit --with-pkgversion='Sourcery G++ Lite 2009q3-67' --with-bugurl=https://support.codesourcery.com/GNUToolchain/ --disable-nls --prefix=/opt/codesourcery --with-sysroot=/opt/codesourcery/arm-none-linux-gnueabi/libc --with-build-sysroot=/scratch/julian/2009q3-respin-linux-lite/install/arm-none-linux-gnueabi/libc --with-gmp=/scratch/julian/2009q3-respin-linux-lite/obj/host-libs-2009q3-67-arm-none-linux-gnueabi-i686-pc-linux-gnu/usr --with-mpfr=/scratch/julian/2009q3-respin-linux-lite/obj/host-libs-2009q3-67-arm-none-linux-gnueabi-i686-pc-linux-gnu/usr --with-ppl=/scratch/julian/2009q3-respin-linux-lite/obj/host-libs-2009q3-67-arm-none-linux-gnueabi-i686-pc-linux-gnu/usr --with-host-libstdcxx='-static-libgcc -Wl,-Bstatic,-lstdc++,-Bdynamic -lm' --with-cloog=/scratch/julian/2009q3-respin-linux-lite/obj/host-libs-2009q3-67-arm-none-linux-gnueabi-i686-pc-linux-gnu/usr --disable-libgomp --enable-poison-system-directories --with-build-time-tools=/scratch/julian/2009q3-respin-linux-lite/install/arm-none-linux-gnueabi/bin --with-build-time-tools=/scratch/julian/2009q3-respin-linux-lite/install/arm-none-linux-gnueabi/bin
Thread model: posix
gcc version 4.4.1 (Sourcery G++ Lite 2009q3-67) 
configure:3249: $? = 0
configure:3238: /arm/arm-2009q3/bin/arm-none-linux-gnueabi-g++ -V >&5
arm-none-linux-gnueabi-g++: '-V' option must have argument
configure:3249: $? = 1
configure:3238: /arm/arm-2009q3/bin/arm-none-linux-gnueabi-g++ -qversion >&5
arm-none-linux-gnueabi-g++: unrecognized option '-qversion'
arm-none-linux-gnueabi-g++: no input files
configure:3249: $? = 1
configure:3269: checking whether the C++ compiler works
configure:3291: /arm/arm-2009q3/bin/arm-none-linux-gnueabi-g++    conftest.cpp  >&5
configure:3295: $? = 0
configure:3343: result: yes
configure:3346: checking for C++ compiler default output file name
configure:3348: result: a.out
configure:3354: checking for suffix of executables
configure:3361: /arm/arm-2009q3/bin/arm-none-linux-gnueabi-g++ -o conftest    conftest.cpp  >&5
configure:3365: $? = 0
configure:3387: result: 
configure:3409: checking whether we are cross compiling
configure:3417: /arm/arm-2009q3/bin/arm-none-linux-gnueabi-g++ -o conftest    conftest.cpp  >&5
configure:3421: $? = 0
configure:3428: ./conftest
./configure: line 3430: ./conftest: cannot execute binary file: Exec format error
configure:3432: $? = 126
configure:3447: result: yes
configure:3452: checking for suffix of object files
configure:3499: result: o
configure:3503: checking whether we are using the GNU C++ compiler
configure:3531: result: yes
configure:3540: checking whether /arm/arm-2009q3/bin/arm-none-linux-gnueabi-g++ accepts -g
configure:3601: result: yes
configure:3635: checking for style of include used by make
configure:3663: result: GNU
configure:3689: checking dependency style of /arm/arm-2009q3/bin/arm-none-linux-gnueabi-g++
configure:3800: result: gcc3
configure:3823: checking for arm-linux-gcc
configure:3850: result: /arm/arm-2009q3/bin/arm-none-linux-gnueabi-gcc
configure:4119: checking for C compiler version
configure:4128: /arm/arm-2009q3/bin/arm-none-linux-gnueabi-gcc --version >&5
arm-none-linux-gnueabi-gcc (Sourcery G++ Lite 2009q3-67) 4.4.1
Copyright (C) 2009 Free Software Foundation, Inc.
This is free software; see the source for copying conditions.  There is NO
warranty; not even for MERCHANTABILITY or FITNESS FOR A PARTICULAR PURPOSE.

configure:4139: $? = 0
configure:4128: /arm/arm-2009q3/bin/arm-none-linux-gnueabi-gcc -v >&5
Using built-in specs.
Target: arm-none-linux-gnueabi
Configured with: /scratch/julian/2009q3-respin-linux-lite/src/gcc-4.4/configure --build=i686-pc-linux-gnu --host=i686-pc-linux-gnu --target=arm-none-linux-gnueabi --enable-threads --disable-libmudflap --disable-libssp --disable-libstdcxx-pch --enable-extra-sgxxlite-multilibs --with-arch=armv5te --with-gnu-as --with-gnu-ld --with-specs='%{funwind-tables|fno-unwind-tables|mabi=*|ffreestanding|nostdlib:;:-funwind-tables} %{O2:%{!fno-remove-local-statics: -fremove-local-statics}} %{O*:%{O|O0|O1|O2|Os:;:%{!fno-remove-local-statics: -fremove-local-statics}}}' --enable-languages=c,c++ --enable-shared --disable-lto --enable-symvers=gnu --enable-__cxa_atexit --with-pkgversion='Sourcery G++ Lite 2009q3-67' --with-bugurl=https://support.codesourcery.com/GNUToolchain/ --disable-nls --prefix=/opt/codesourcery --with-sysroot=/opt/codesourcery/arm-none-linux-gnueabi/libc --with-build-sysroot=/scratch/julian/2009q3-respin-linux-lite/install/arm-none-linux-gnueabi/libc --with-gmp=/scratch/julian/2009q3-respin-linux-lite/obj/host-libs-2009q3-67-arm-none-linux-gnueabi-i686-pc-linux-gnu/usr --with-mpfr=/scratch/julian/2009q3-respin-linux-lite/obj/host-libs-2009q3-67-arm-none-linux-gnueabi-i686-pc-linux-gnu/usr --with-ppl=/scratch/julian/2009q3-respin-linux-lite/obj/host-libs-2009q3-67-arm-none-linux-gnueabi-i686-pc-linux-gnu/usr --with-host-libstdcxx='-static-libgcc -Wl,-Bstatic,-lstdc++,-Bdynamic -lm' --with-cloog=/scratch/julian/2009q3-respin-linux-lite/obj/host-libs-2009q3-67-arm-none-linux-gnueabi-i686-pc-linux-gnu/usr --disable-libgomp --enable-poison-system-directories --with-build-time-tools=/scratch/julian/2009q3-respin-linux-lite/install/arm-none-linux-gnueabi/bin --with-build-time-tools=/scratch/julian/2009q3-respin-linux-lite/install/arm-none-linux-gnueabi/bin
Thread model: posix
gcc version 4.4.1 (Sourcery G++ Lite 2009q3-67) 
configure:4139: $? = 0
configure:4128: /arm/arm-2009q3/bin/arm-none-linux-gnueabi-gcc -V >&5
arm-none-linux-gnueabi-gcc: '-V' option must have argument
configure:4139: $? = 1
configure:4128: /arm/arm-2009q3/bin/arm-none-linux-gnueabi-gcc -qversion >&5
arm-none-linux-gnueabi-gcc: unrecognized option '-qversion'
arm-none-linux-gnueabi-gcc: no input files
configure:4139: $? = 1
configure:4143: checking whether we are using the GNU C compiler
configure:4171: result: yes
configure:4180: checking whether /arm/arm-2009q3/bin/arm-none-linux-gnueabi-gcc accepts -g
configure:4241: result: yes
configure:4258: checking for /arm/arm-2009q3/bin/arm-none-linux-gnueabi-gcc option to accept ISO C89
configure:4334: result: none needed
configure:4359: checking whether /arm/arm-2009q3/bin/arm-none-linux-gnueabi-gcc understands -c and -o together
configure:4396: result: yes
configure:4415: checking dependency style of /arm/arm-2009q3/bin/arm-none-linux-gnueabi-gcc
configure:4526: result: gcc3
configure:4546: checking how to run the C preprocessor
configure:4616: result: /arm/arm-2009q3/bin/arm-none-linux-gnueabi-gcc -E
configure:4636: /arm/arm-2009q3/bin/arm-none-linux-gnueabi-gcc -E  conftest.c
configure:4636: $? = 0
configure:4650: /arm/arm-2009q3/bin/arm-none-linux-gnueabi-gcc -E  conftest.c
conftest.c:11: fatal error: ac_nonexistent.h: No such file or directory
compilation terminated.
configure:4650: $? = 1
configure: failed program was:
| /* confdefs.h */
| #define PACKAGE_NAME "tslib"
| #define PACKAGE_TARNAME "tslib"
| #define PACKAGE_VERSION "0.0.2"
| #define PACKAGE_STRING "tslib 0.0.2"
| #define PACKAGE_BUGREPORT "kergoth@handhelds.org"
| #define PACKAGE_URL ""
| #define PACKAGE "tslib"
| #define VERSION "0.0.2"
| /* end confdefs.h.  */
| #include <ac_nonexistent.h>
configure:4682: checking whether the C compiler supports -fvisibility=hidden
configure:4707: result: yes
configure:4715: checking whether to use -fvisibility=hidden
configure:4728: result: yes
configure:4738: checking whether ln -s works
configure:4742: result: yes
configure:4749: checking whether make sets $(MAKE)
configure:4771: result: yes
configure:4875: checking build system type
configure:4889: result: x86_64-pc-linux-gnu
configure:4909: checking host system type
configure:4922: result: arm-unknown-linux-gnu
configure:4963: checking how to print strings
configure:4990: result: printf
configure:5011: checking for a sed that does not truncate output
configure:5075: result: /bin/sed
configure:5093: checking for grep that handles long lines and -e
configure:5151: result: /bin/grep
configure:5156: checking for egrep
configure:5218: result: /bin/grep -E
configure:5223: checking for fgrep
configure:5285: result: /bin/grep -F
configure:5320: checking for ld used by /arm/arm-2009q3/bin/arm-none-linux-gnueabi-gcc
configure:5387: result: /arm/arm-2009q3/arm-none-linux-gnueabi/bin/ld
configure:5394: checking if the linker (/arm/arm-2009q3/arm-none-linux-gnueabi/bin/ld) is GNU ld
configure:5409: result: yes
configure:5421: checking for BSD- or MS-compatible name lister (nm)
configure:5475: result: no
configure:5489: checking for arm-linux-dumpbin
configure:5519: result: no
configure:5489: checking for arm-linux-link
configure:5519: result: no
configure:5533: checking for dumpbin
configure:5560: result: link -dump
configure:5576: WARNING: using cross tools not prefixed with host triplet
configure:5605: checking the name lister (nm) interface
configure:5625: result: BSD nm
configure:5629: checking the maximum length of command line arguments
configure:5760: result: 1572864
configure:5808: checking how to convert x86_64-pc-linux-gnu file names to arm-unknown-linux-gnu format
configure:5848: result: func_convert_file_noop
configure:5855: checking how to convert x86_64-pc-linux-gnu file names to toolchain format
configure:5875: result: func_convert_file_noop
configure:5882: checking for /arm/arm-2009q3/arm-none-linux-gnueabi/bin/ld option to reload object files
configure:5889: result: -r
configure:5923: checking for arm-linux-objdump
configure:5953: result: no
configure:5963: checking for objdump
configure:5990: result: objdump
configure:6022: checking how to recognize dependent libraries
configure:6222: result: pass_all
configure:6267: checking for arm-linux-dlltool
configure:6297: result: no
configure:6307: checking for dlltool
configure:6337: result: no
configure:6367: checking how to associate runtime and link libraries
configure:6394: result: printf %s\n
configure:6410: checking for arm-linux-ar
configure:6440: result: no
configure:6454: checking for ar
configure:6481: result: ar
configure:6518: checking for archiver @FILE support
configure:6561: result: @
configure:6579: checking for arm-linux-strip
configure:6606: result: strip
configure:6678: checking for arm-linux-ranlib
configure:6708: result: no
configure:6718: checking for ranlib
configure:6745: result: ranlib
configure:6847: checking command to parse nm output from /arm/arm-2009q3/bin/arm-none-linux-gnueabi-gcc object
configure:7117: result: ok
configure:7164: checking for sysroot
configure:7194: result: no
configure:7201: checking for a working dd
configure:7239: result: /bin/dd
configure:7243: checking how to truncate binary pipes
configure:7258: result: /bin/dd bs=4096 count=1
configure:7547: checking for arm-linux-mt
configure:7577: result: no
configure:7587: checking for mt
configure:7614: result: mt
configure:7637: checking if mt is a manifest tool
configure:7651: result: no
configure:8324: checking for ANSI C header files
configure:8428: result: yes
configure:8441: checking for sys/types.h
configure:8441: result: yes
configure:8441: checking for sys/stat.h
configure:8441: result: yes
configure:8441: checking for stdlib.h
configure:8441: result: yes
configure:8441: checking for string.h
configure:8441: result: yes
configure:8441: checking for memory.h
configure:8441: result: yes
configure:8441: checking for strings.h
configure:8441: result: yes
configure:8441: checking for inttypes.h
configure:8441: result: yes
configure:8441: checking for stdint.h
configure:8441: result: yes
configure:8441: checking for unistd.h
configure:8441: result: yes
configure:8455: checking for dlfcn.h
configure:8455: result: yes
configure:8660: checking for objdir
configure:8675: result: .libs
configure:8939: checking if /arm/arm-2009q3/bin/arm-none-linux-gnueabi-gcc supports -fno-rtti -fno-exceptions
configure:8974: result: no
configure:9332: checking for /arm/arm-2009q3/bin/arm-none-linux-gnueabi-gcc option to produce PIC
configure:9339: result: -fPIC -DPIC
configure:9347: checking if /arm/arm-2009q3/bin/arm-none-linux-gnueabi-gcc PIC flag -fPIC -DPIC works
configure:9382: result: yes
configure:9411: checking if /arm/arm-2009q3/bin/arm-none-linux-gnueabi-gcc static flag -static works
configure:9439: result: yes
configure:9454: checking if /arm/arm-2009q3/bin/arm-none-linux-gnueabi-gcc supports -c -o file.o
configure:9501: result: yes
configure:9509: checking if /arm/arm-2009q3/bin/arm-none-linux-gnueabi-gcc supports -c -o file.o
configure:9556: result: yes
configure:9589: checking whether the /arm/arm-2009q3/bin/arm-none-linux-gnueabi-gcc linker (/arm/arm-2009q3/arm-none-linux-gnueabi/bin/ld) supports shared libraries
configure:10852: result: yes
configure:10889: checking whether -lc should be explicitly linked in
configure:10932: result: no
configure:11092: checking dynamic linker characteristics
configure:11922: result: GNU/Linux ld.so
configure:12044: checking how to hardcode library paths into programs
configure:12069: result: immediate
configure:12171: checking for shl_load
configure:12171: result: no
configure:12175: checking for shl_load in -ldld
configure:12209: result: no
configure:12214: checking for dlopen
configure:12214: result: no
configure:12218: checking for dlopen in -ldl
configure:12252: result: yes
configure:12371: checking whether a program can dlopen itself
configure:12472: result: cross
configure:12617: checking whether stripping libraries is possible
configure:12622: result: yes
configure:12657: checking if libtool supports shared libraries
configure:12659: result: yes
configure:12662: checking whether to build shared libraries
configure:12687: result: yes
configure:12690: checking whether to build static libraries
configure:12694: result: no
configure:12717: checking how to run the C++ preprocessor
configure:12783: result: /arm/arm-2009q3/bin/arm-none-linux-gnueabi-g++ -E
configure:12803: /arm/arm-2009q3/bin/arm-none-linux-gnueabi-g++ -E  conftest.cpp
configure:12803: $? = 0
configure:12817: /arm/arm-2009q3/bin/arm-none-linux-gnueabi-g++ -E  conftest.cpp
conftest.cpp:23: fatal error: ac_nonexistent.h: No such file or directory
compilation terminated.
configure:12817: $? = 1
configure: failed program was:
| /* confdefs.h */
| #define PACKAGE_NAME "tslib"
| #define PACKAGE_TARNAME "tslib"
| #define PACKAGE_VERSION "0.0.2"
| #define PACKAGE_STRING "tslib 0.0.2"
| #define PACKAGE_BUGREPORT "kergoth@handhelds.org"
| #define PACKAGE_URL ""
| #define PACKAGE "tslib"
| #define VERSION "0.0.2"
| #define STDC_HEADERS 1
| #define HAVE_SYS_TYPES_H 1
| #define HAVE_SYS_STAT_H 1
| #define HAVE_STDLIB_H 1
| #define HAVE_STRING_H 1
| #define HAVE_MEMORY_H 1
| #define HAVE_STRINGS_H 1
| #define HAVE_INTTYPES_H 1
| #define HAVE_STDINT_H 1
| #define HAVE_UNISTD_H 1
| #define HAVE_DLFCN_H 1
| #define LT_OBJDIR ".libs/"
| /* end confdefs.h.  */
| #include <ac_nonexistent.h>
configure:12979: checking for ld used by /arm/arm-2009q3/bin/arm-none-linux-gnueabi-g++
configure:13046: result: /arm/arm-2009q3/arm-none-linux-gnueabi/bin/ld
configure:13053: checking if the linker (/arm/arm-2009q3/arm-none-linux-gnueabi/bin/ld) is GNU ld
configure:13068: result: yes
configure:13123: checking whether the /arm/arm-2009q3/bin/arm-none-linux-gnueabi-g++ linker (/arm/arm-2009q3/arm-none-linux-gnueabi/bin/ld) supports shared libraries
configure:14196: result: yes
configure:14232: /arm/arm-2009q3/bin/arm-none-linux-gnueabi-g++ -c -g -O2  conftest.cpp >&5
configure:14235: $? = 0
configure:14716: checking for /arm/arm-2009q3/bin/arm-none-linux-gnueabi-g++ option to produce PIC
configure:14723: result: -fPIC -DPIC
configure:14731: checking if /arm/arm-2009q3/bin/arm-none-linux-gnueabi-g++ PIC flag -fPIC -DPIC works
configure:14766: result: yes
configure:14789: checking if /arm/arm-2009q3/bin/arm-none-linux-gnueabi-g++ static flag -static works
configure:14817: result: yes
configure:14829: checking if /arm/arm-2009q3/bin/arm-none-linux-gnueabi-g++ supports -c -o file.o
configure:14876: result: yes
configure:14881: checking if /arm/arm-2009q3/bin/arm-none-linux-gnueabi-g++ supports -c -o file.o
configure:14928: result: yes
configure:14958: checking whether the /arm/arm-2009q3/bin/arm-none-linux-gnueabi-g++ linker (/arm/arm-2009q3/arm-none-linux-gnueabi/bin/ld) supports shared libraries
configure:15001: result: yes
configure:15142: checking dynamic linker characteristics
configure:15899: result: GNU/Linux ld.so
configure:15964: checking how to hardcode library paths into programs
configure:15989: result: immediate
configure:16052: checking for dlopen in -ldl
configure:16086: result: yes
configure:16099: checking for size_t
configure:16099: result: yes
configure:16112: checking for working alloca.h
configure:16137: result: yes
configure:16145: checking for alloca
configure:16190: result: yes
configure:16296: checking for ANSI C header files
configure:16400: result: yes
configure:16411: checking for fcntl.h
configure:16411: result: yes
configure:16411: checking for limits.h
configure:16411: result: yes
configure:16411: checking for stdlib.h
configure:16411: result: yes
configure:16411: checking for string.h
configure:16411: result: yes
configure:16411: checking for sys/ioctl.h
configure:16411: result: yes
configure:16411: checking for sys/time.h
configure:16411: result: yes
configure:16411: checking for unistd.h
configure:16411: result: yes
configure:16423: checking for an ANSI C-conforming const
configure:16496: result: yes
configure:16504: checking for inline
configure:16528: result: inline
configure:16546: checking for size_t
configure:16546: result: yes
configure:16557: checking whether time.h and sys/time.h may both be included
configure:16584: result: yes
configure:16595: checking whether /arm/arm-2009q3/bin/arm-none-linux-gnueabi-gcc needs -traditional
configure:16629: result: no
configure:16638: checking for stdlib.h
configure:16638: result: yes
configure:16648: checking for GNU libc compatible malloc
configure:16682: result: yes
configure:16709: checking for stdlib.h
configure:16709: result: yes
configure:16709: checking for unistd.h
configure:16709: result: yes
configure:16709: checking for sys/param.h
configure:16709: result: yes
configure:16729: checking for getpagesize
configure:16729: result: yes
configure:16738: checking for working mmap
configure:16897: result: no
configure:16909: checking for sys/select.h
configure:16909: result: yes
configure:16909: checking for sys/socket.h
configure:16909: result: yes
configure:16919: checking types of arguments for select
configure:16958: result: int,fd_set *,struct timeval *
configure:16981: checking return type of signal handlers
configure:17006: result: void
configure:17014: checking whether lstat correctly handles trailing slash
configure:17057: result: no
configure:17076: checking whether stat accepts an empty string
configure:17106: result: yes
configure:17124: checking for vprintf
configure:17124: result: yes
configure:17130: checking for _doprnt
configure:17130: result: no
configure:17144: checking for bzero
configure:17144: result: yes
configure:17144: checking for gettimeofday
configure:17144: result: yes
configure:17144: checking for memmove
configure:17144: result: yes
configure:17144: checking for memset
configure:17144: result: yes
configure:17144: checking for munmap
configure:17144: result: yes
configure:17144: checking for select
configure:17144: result: yes
configure:17144: checking for strcasecmp
configure:17144: result: yes
configure:17144: checking for strchr
configure:17144: result: yes
configure:17144: checking for strdup
configure:17144: result: yes
configure:17144: checking for strtoul
configure:17144: result: yes
configure:17155: checking whether linear modules is requested
configure:17164: result: yes
configure:17175: checking whether dejitter module is requested
configure:17184: result: yes
configure:17195: checking whether linear-h2200 module is requested
configure:17204: result: yes
configure:17215: checking whether variance module is requested
configure:17224: result: yes
configure:17235: checking whether pthres module is requested
configure:17244: result: yes
configure:17257: checking whether ucb1x00 module is requested
configure:17266: result: yes
configure:17277: checking whether corgi module is requested
configure:17286: result: yes
configure:17297: checking whether collie module is requested
configure:17306: result: yes
configure:17318: checking whether h3600 module is requested
configure:17327: result: yes
configure:17338: checking whether mk712 module is requested
configure:17347: result: yes
configure:17358: checking whether arctic2 module is requested
configure:17367: result: yes
configure:17378: checking whether input module is requested
configure:17387: result: yes
configure:17398: checking where to place modules
configure:17408: result: ${libdir}/ts/
configure:17412: checking whether to enable debugging
configure:17421: result: no
configure:17556: checking that generated files are newer than configure
configure:17562: result: done
configure:17637: creating ./config.status

## ---------------------- ##
## Running config.status. ##
## ---------------------- ##

This file was extended by tslib config.status 0.0.2, which was
generated by GNU Autoconf 2.69.  Invocation command line was

  CONFIG_FILES    = 
  CONFIG_HEADERS  = 
  CONFIG_LINKS    = 
  CONFIG_COMMANDS = 
  $ ./config.status 

on ubuntu

config.status:1223: creating Makefile
config.status:1223: creating etc/Makefile
config.status:1223: creating plugins/Makefile
config.status:1223: creating src/Makefile
config.status:1223: creating tests/Makefile
config.status:1223: creating tslib-0.0.pc
config.status:1223: creating config.h
config.status:1404: config.h is unchanged
config.status:1452: executing depfiles commands
config.status:1452: executing libtool commands

## ---------------- ##
## Cache variables. ##
## ---------------- ##

ac_cv_build=x86_64-pc-linux-gnu
ac_cv_c_compiler_gnu=yes
ac_cv_c_const=yes
ac_cv_c_inline=inline
ac_cv_cxx_compiler_gnu=yes
ac_cv_env_CCC_set=
ac_cv_env_CCC_value=
ac_cv_env_CC_set=set
ac_cv_env_CC_value=/arm/arm-2009q3/bin/arm-none-linux-gnueabi-gcc
ac_cv_env_CFLAGS_set=
ac_cv_env_CFLAGS_value=
ac_cv_env_CPPFLAGS_set=
ac_cv_env_CPPFLAGS_value=
ac_cv_env_CPP_set=
ac_cv_env_CPP_value=
ac_cv_env_CXXCPP_set=
ac_cv_env_CXXCPP_value=
ac_cv_env_CXXFLAGS_set=
ac_cv_env_CXXFLAGS_value=
ac_cv_env_CXX_set=set
ac_cv_env_CXX_value=/arm/arm-2009q3/bin/arm-none-linux-gnueabi-g++
ac_cv_env_LDFLAGS_set=
ac_cv_env_LDFLAGS_value=
ac_cv_env_LIBS_set=
ac_cv_env_LIBS_value=
ac_cv_env_LT_SYS_LIBRARY_PATH_set=
ac_cv_env_LT_SYS_LIBRARY_PATH_value=
ac_cv_env_build_alias_set=
ac_cv_env_build_alias_value=
ac_cv_env_host_alias_set=set
ac_cv_env_host_alias_value=arm-linux
ac_cv_env_target_alias_set=
ac_cv_env_target_alias_value=
ac_cv_func__doprnt=no
ac_cv_func_alloca_works=yes
ac_cv_func_bzero=yes
ac_cv_func_dlopen=no
ac_cv_func_getpagesize=yes
ac_cv_func_gettimeofday=yes
ac_cv_func_lstat_dereferences_slashed_symlink=no
ac_cv_func_malloc_0_nonnull=yes
ac_cv_func_memmove=yes
ac_cv_func_memset=yes
ac_cv_func_mmap_fixed_mapped=no
ac_cv_func_munmap=yes
ac_cv_func_select=yes
ac_cv_func_select_args='int,fd_set *,struct timeval *'
ac_cv_func_shl_load=no
ac_cv_func_stat_empty_string_bug=yes
ac_cv_func_strcasecmp=yes
ac_cv_func_strchr=yes
ac_cv_func_strdup=yes
ac_cv_func_strtoul=yes
ac_cv_func_vprintf=yes
ac_cv_header_dlfcn_h=yes
ac_cv_header_fcntl_h=yes
ac_cv_header_inttypes_h=yes
ac_cv_header_limits_h=yes
ac_cv_header_memory_h=yes
ac_cv_header_stdc=yes
ac_cv_header_stdint_h=yes
ac_cv_header_stdlib_h=yes
ac_cv_header_string_h=yes
ac_cv_header_strings_h=yes
ac_cv_header_sys_ioctl_h=yes
ac_cv_header_sys_param_h=yes
ac_cv_header_sys_select_h=yes
ac_cv_header_sys_socket_h=yes
ac_cv_header_sys_stat_h=yes
ac_cv_header_sys_time_h=yes
ac_cv_header_sys_types_h=yes
ac_cv_header_time=yes
ac_cv_header_unistd_h=yes
ac_cv_host=arm-unknown-linux-gnu
ac_cv_lib_dl_dlopen=yes
ac_cv_lib_dld_shl_load=no
ac_cv_objext=o
ac_cv_path_EGREP='/bin/grep -E'
ac_cv_path_FGREP='/bin/grep -F'
ac_cv_path_GREP=/bin/grep
ac_cv_path_SED=/bin/sed
ac_cv_path_install='/usr/bin/install -c'
ac_cv_path_lt_DD=/bin/dd
ac_cv_path_mkdir=/bin/mkdir
ac_cv_prog_AWK=gawk
ac_cv_prog_CC=/arm/arm-2009q3/bin/arm-none-linux-gnueabi-gcc
ac_cv_prog_CPP='/arm/arm-2009q3/bin/arm-none-linux-gnueabi-gcc -E'
ac_cv_prog_CXXCPP='/arm/arm-2009q3/bin/arm-none-linux-gnueabi-g++ -E'
ac_cv_prog_STRIP=strip
ac_cv_prog_ac_ct_AR=ar
ac_cv_prog_ac_ct_DUMPBIN='link -dump'
ac_cv_prog_ac_ct_MANIFEST_TOOL=mt
ac_cv_prog_ac_ct_OBJDUMP=objdump
ac_cv_prog_ac_ct_RANLIB=ranlib
ac_cv_prog_ac_ct_STRIP=strip
ac_cv_prog_cc_c89=
ac_cv_prog_cc_g=yes
ac_cv_prog_cxx_g=yes
ac_cv_prog_gcc_traditional=no
ac_cv_prog_make_make_set=yes
ac_cv_type_signal=void
ac_cv_type_size_t=yes
ac_cv_working_alloca_h=yes
am_cv_CC_dependencies_compiler_type=gcc3
am_cv_CXX_dependencies_compiler_type=gcc3
am_cv_make_support_nested_variables=yes
am_cv_prog_cc_c_o=yes
bb_cv_cc_supports_hidden_visibility=yes
lt_cv_ar_at_file=@
lt_cv_archive_cmds_need_lc=no
lt_cv_deplibs_check_method=pass_all
lt_cv_dlopen=dlopen
lt_cv_dlopen_libs=-ldl
lt_cv_dlopen_self=cross
lt_cv_file_magic_cmd='$MAGIC_CMD'
lt_cv_file_magic_test_file=
lt_cv_ld_reload_flag=-r
lt_cv_nm_interface='BSD nm'
lt_cv_objdir=.libs
lt_cv_path_LD=/arm/arm-2009q3/arm-none-linux-gnueabi/bin/ld
lt_cv_path_LDCXX=/arm/arm-2009q3/arm-none-linux-gnueabi/bin/ld
lt_cv_path_NM=no
lt_cv_path_mainfest_tool=no
lt_cv_prog_compiler_c_o=yes
lt_cv_prog_compiler_c_o_CXX=yes
lt_cv_prog_compiler_pic='-fPIC -DPIC'
lt_cv_prog_compiler_pic_CXX='-fPIC -DPIC'
lt_cv_prog_compiler_pic_works=yes
lt_cv_prog_compiler_pic_works_CXX=yes
lt_cv_prog_compiler_rtti_exceptions=no
lt_cv_prog_compiler_static_works=yes
lt_cv_prog_compiler_static_works_CXX=yes
lt_cv_prog_gnu_ld=yes
lt_cv_prog_gnu_ldcxx=yes
lt_cv_sharedlib_from_linklib_cmd='printf %s\n'
lt_cv_shlibpath_overrides_runpath=no
lt_cv_sys_global_symbol_pipe='sed -n -e '\''s/^.*[	 ]\([ABCDGIRSTW][ABCDGIRSTW]*\)[	 ][	 ]*\([_A-Za-z][_A-Za-z0-9]*\)$/\1 \2 \2/p'\'' | sed '\''/ __gnu_lto/d'\'''
lt_cv_sys_global_symbol_to_c_name_address='sed -n -e '\''s/^: \(.*\) .*$/  {"\1", (void *) 0},/p'\'' -e '\''s/^[ABCDGIRSTW][ABCDGIRSTW]* .* \(.*\)$/  {"\1", (void *) \&\1},/p'\'''
lt_cv_sys_global_symbol_to_c_name_address_lib_prefix='sed -n -e '\''s/^: \(.*\) .*$/  {"\1", (void *) 0},/p'\'' -e '\''s/^[ABCDGIRSTW][ABCDGIRSTW]* .* \(lib.*\)$/  {"\1", (void *) \&\1},/p'\'' -e '\''s/^[ABCDGIRSTW][ABCDGIRSTW]* .* \(.*\)$/  {"lib\1", (void *) \&\1},/p'\'''
lt_cv_sys_global_symbol_to_cdecl='sed -n -e '\''s/^T .* \(.*\)$/extern int \1();/p'\'' -e '\''s/^[ABCDGIRSTW][ABCDGIRSTW]* .* \(.*\)$/extern char \1;/p'\'''
lt_cv_sys_global_symbol_to_import=
lt_cv_sys_max_cmd_len=1572864
lt_cv_to_host_file_cmd=func_convert_file_noop
lt_cv_to_tool_file_cmd=func_convert_file_noop
lt_cv_truncate_bin='/bin/dd bs=4096 count=1'

## ----------------- ##
## Output variables. ##
## ----------------- ##

ACLOCAL='${SHELL} /home/jimmy/news5pv210/nfs/study/mydriver/bili/lcd_ts_lesson11/tslib/missing aclocal-1.15'
ALLOCA=''
AMDEPBACKSLASH='\'
AMDEP_FALSE='#'
AMDEP_TRUE=''
AMTAR='$${TAR-tar}'
AM_BACKSLASH='\'
AM_DEFAULT_V='$(AM_DEFAULT_VERBOSITY)'
AM_DEFAULT_VERBOSITY='1'
AM_V='$(V)'
AR='ar'
AUTOCONF='${SHELL} /home/jimmy/news5pv210/nfs/study/mydriver/bili/lcd_ts_lesson11/tslib/missing autoconf'
AUTOHEADER='${SHELL} /home/jimmy/news5pv210/nfs/study/mydriver/bili/lcd_ts_lesson11/tslib/missing autoheader'
AUTOMAKE='${SHELL} /home/jimmy/news5pv210/nfs/study/mydriver/bili/lcd_ts_lesson11/tslib/missing automake-1.15'
AWK='gawk'
CC='/arm/arm-2009q3/bin/arm-none-linux-gnueabi-gcc'
CCDEPMODE='depmode=gcc3'
CFLAGS='-DGCC_HASCLASSVISIBILITY -O2 -Wall -W'
CPP='/arm/arm-2009q3/bin/arm-none-linux-gnueabi-gcc -E'
CPPFLAGS=''
CXX='/arm/arm-2009q3/bin/arm-none-linux-gnueabi-g++'
CXXCPP='/arm/arm-2009q3/bin/arm-none-linux-gnueabi-g++ -E'
CXXDEPMODE='depmode=gcc3'
CXXFLAGS='-g -O2'
CYGPATH_W='echo'
DEBUGFLAGS=''
DEFS='-DHAVE_CONFIG_H'
DEPDIR='.deps'
DLLTOOL='false'
DSYMUTIL=''
DUMPBIN=':'
ECHO_C=''
ECHO_N='-n'
ECHO_T=''
EGREP='/bin/grep -E'
ENABLE_ARCTIC2_MODULE_FALSE='#'
ENABLE_ARCTIC2_MODULE_TRUE=''
ENABLE_COLLIE_MODULE_FALSE='#'
ENABLE_COLLIE_MODULE_TRUE=''
ENABLE_CORGI_MODULE_FALSE='#'
ENABLE_CORGI_MODULE_TRUE=''
ENABLE_DEJITTER_MODULE_FALSE='#'
ENABLE_DEJITTER_MODULE_TRUE=''
ENABLE_H2200_LINEAR_MODULE_FALSE='#'
ENABLE_H2200_LINEAR_MODULE_TRUE=''
ENABLE_H3600_MODULE_FALSE='#'
ENABLE_H3600_MODULE_TRUE=''
ENABLE_INPUT_MODULE_FALSE='#'
ENABLE_INPUT_MODULE_TRUE=''
ENABLE_LINEAR_MODULE_FALSE='#'
ENABLE_LINEAR_MODULE_TRUE=''
ENABLE_MK712_MODULE_FALSE='#'
ENABLE_MK712_MODULE_TRUE=''
ENABLE_PTHRES_MODULE_FALSE='#'
ENABLE_PTHRES_MODULE_TRUE=''
ENABLE_UCB1X00_MODULE_FALSE='#'
ENABLE_UCB1X00_MODULE_TRUE=''
ENABLE_VARIANCE_MODULE_FALSE='#'
ENABLE_VARIANCE_MODULE_TRUE=''
EXEEXT=''
FGREP='/bin/grep -F'
GREP='/bin/grep'
INSTALL_DATA='${INSTALL} -m 644'
INSTALL_PROGRAM='${INSTALL}'
INSTALL_SCRIPT='${INSTALL}'
INSTALL_STRIP_PROGRAM='$(install_sh) -c -s'
LD='/arm/arm-2009q3/arm-none-linux-gnueabi/bin/ld'
LDFLAGS=''
LIBFLAGS='-DTSLIB_INTERNAL'
LIBOBJS=' ${LIBOBJDIR}lstat$U.o ${LIBOBJDIR}stat$U.o'
LIBS='-ldl '
LIBTOOL='$(SHELL) $(top_builddir)/libtool'
LIPO=''
LN_S='ln -s'
LTLIBOBJS=' ${LIBOBJDIR}lstat$U.lo ${LIBOBJDIR}stat$U.lo'
LT_AGE='1'
LT_CURRENT='1'
LT_RELEASE='0.0'
LT_REVISION='1'
LT_SYS_LIBRARY_PATH=''
MAKEINFO='${SHELL} /home/jimmy/news5pv210/nfs/study/mydriver/bili/lcd_ts_lesson11/tslib/missing makeinfo'
MANIFEST_TOOL=':'
MKDIR_P='/bin/mkdir -p'
NM='nm'
NMEDIT=''
OBJDUMP='objdump'
OBJEXT='o'
OTOOL64=''
OTOOL=''
PACKAGE='tslib'
PACKAGE_BUGREPORT='kergoth@handhelds.org'
PACKAGE_DESCRIPTION='Touchscreen Access Library'
PACKAGE_NAME='tslib'
PACKAGE_STRING='tslib 0.0.2'
PACKAGE_TARNAME='tslib'
PACKAGE_URL=''
PACKAGE_VERSION='0.0.2'
PATH_SEPARATOR=':'
PLUGIN_DIR='${libdir}/ts/'
RANLIB='ranlib'
SED='/bin/sed'
SET_MAKE=''
SHELL='/bin/sh'
STRIP='strip'
TS_CONF='${sysconfdir}/ts.conf'
VERSION='0.0.2'
VIS_CFLAGS='-fvisibility=hidden'
ac_ct_AR='ar'
ac_ct_CC=''
ac_ct_CXX=''
ac_ct_DUMPBIN='link -dump'
am__EXEEXT_FALSE=''
am__EXEEXT_TRUE='#'
am__fastdepCC_FALSE='#'
am__fastdepCC_TRUE=''
am__fastdepCXX_FALSE='#'
am__fastdepCXX_TRUE=''
am__include='include'
am__isrc=''
am__leading_dot='.'
am__nodep='_no'
am__quote=''
am__tar='$${TAR-tar} chof - "$$tardir"'
am__untar='$${TAR-tar} xf -'
bindir='${exec_prefix}/bin'
build='x86_64-pc-linux-gnu'
build_alias=''
build_cpu='x86_64'
build_os='linux-gnu'
build_vendor='pc'
datadir='${datarootdir}'
datarootdir='${prefix}/share'
docdir='${datarootdir}/doc/${PACKAGE_TARNAME}'
dvidir='${docdir}'
exec_prefix='${prefix}'
host='arm-unknown-linux-gnu'
host_alias='arm-linux'
host_cpu='arm'
host_os='linux-gnu'
host_vendor='unknown'
htmldir='${docdir}'
includedir='${prefix}/include'
infodir='${datarootdir}/info'
install_sh='${SHELL} /home/jimmy/news5pv210/nfs/study/mydriver/bili/lcd_ts_lesson11/tslib/install-sh'
libdir='${exec_prefix}/lib'
libexecdir='${exec_prefix}/libexec'
localedir='${datarootdir}/locale'
localstatedir='${prefix}/var'
mandir='${datarootdir}/man'
mkdir_p='$(MKDIR_P)'
oldincludedir='/usr/include'
pdfdir='${docdir}'
prefix='/usr/local/tslib'
program_transform_name='s,x,x,'
psdir='${docdir}'
runstatedir='${localstatedir}/run'
sbindir='${exec_prefix}/sbin'
sharedstatedir='${prefix}/com'
sysconfdir='${prefix}/etc'
target_alias=''

## ----------- ##
## confdefs.h. ##
## ----------- ##

/* confdefs.h */
#define PACKAGE_NAME "tslib"
#define PACKAGE_TARNAME "tslib"
#define PACKAGE_VERSION "0.0.2"
#define PACKAGE_STRING "tslib 0.0.2"
#define PACKAGE_BUGREPORT "kergoth@handhelds.org"
#define PACKAGE_URL ""
#define PACKAGE "tslib"
#define VERSION "0.0.2"
#define STDC_HEADERS 1
#define HAVE_SYS_TYPES_H 1
#define HAVE_SYS_STAT_H 1
#define HAVE_STDLIB_H 1
#define HAVE_STRING_H 1
#define HAVE_MEMORY_H 1
#define HAVE_STRINGS_H 1
#define HAVE_INTTYPES_H 1
#define HAVE_STDINT_H 1
#define HAVE_UNISTD_H 1
#define HAVE_DLFCN_H 1
#define LT_OBJDIR ".libs/"
#define HAVE_LIBDL 1
#define HAVE_ALLOCA_H 1
#define HAVE_ALLOCA 1
#define STDC_HEADERS 1
#define HAVE_FCNTL_H 1
#define HAVE_LIMITS_H 1
#define HAVE_STDLIB_H 1
#define HAVE_STRING_H 1
#define HAVE_SYS_IOCTL_H 1
#define HAVE_SYS_TIME_H 1
#define HAVE_UNISTD_H 1
#define TIME_WITH_SYS_TIME 1
#define HAVE_STDLIB_H 1
#define HAVE_MALLOC 1
#define HAVE_STDLIB_H 1
#define HAVE_UNISTD_H 1
#define HAVE_SYS_PARAM_H 1
#define HAVE_GETPAGESIZE 1
#define HAVE_SYS_SELECT_H 1
#define HAVE_SYS_SOCKET_H 1
#define SELECT_TYPE_ARG1 int
#define SELECT_TYPE_ARG234 (fd_set *)
#define SELECT_TYPE_ARG5 (struct timeval *)
#define RETSIGTYPE void
#define HAVE_STAT_EMPTY_STRING_BUG 1
#define HAVE_VPRINTF 1
#define HAVE_BZERO 1
#define HAVE_GETTIMEOFDAY 1
#define HAVE_MEMMOVE 1
#define HAVE_MEMSET 1
#define HAVE_MUNMAP 1
#define HAVE_SELECT 1
#define HAVE_STRCASECMP 1
#define HAVE_STRCHR 1
#define HAVE_STRDUP 1
#define HAVE_STRTOUL 1

configure: exit 0
